[0.416s] Invoking command in '/root/ros2_ws/src/py_pubsub': PYTHONPATH=/root/ros2_ws/build/py_pubsub/prefix_override:/root/ros2_ws/install/py_pubsub/lib/python3.8/site-packages:${PYTHONPATH} /usr/bin/python3 setup.py egg_info --egg-base ../../build/py_pubsub build --build-base /root/ros2_ws/build/py_pubsub/build install --record /root/ros2_ws/build/py_pubsub/install.log --install-scripts $base/lib/py_pubsub --single-version-externally-managed
[0.549s] running egg_info
[0.550s] creating ../../build/py_pubsub/py_pubsub.egg-info
[0.550s] writing ../../build/py_pubsub/py_pubsub.egg-info/PKG-INFO
[0.550s] writing dependency_links to ../../build/py_pubsub/py_pubsub.egg-info/dependency_links.txt
[0.551s] writing entry points to ../../build/py_pubsub/py_pubsub.egg-info/entry_points.txt
[0.551s] writing requirements to ../../build/py_pubsub/py_pubsub.egg-info/requires.txt
[0.551s] writing top-level names to ../../build/py_pubsub/py_pubsub.egg-info/top_level.txt
[0.553s] writing manifest file '../../build/py_pubsub/py_pubsub.egg-info/SOURCES.txt'
[0.578s] reading manifest file '../../build/py_pubsub/py_pubsub.egg-info/SOURCES.txt'
[0.579s] writing manifest file '../../build/py_pubsub/py_pubsub.egg-info/SOURCES.txt'
[0.579s] running build
[0.579s] running build_py
[0.579s] creating /root/ros2_ws/build/py_pubsub/build
[0.579s] creating /root/ros2_ws/build/py_pubsub/build/lib
[0.580s] creating /root/ros2_ws/build/py_pubsub/build/lib/py_pubsub
[0.580s] copying py_pubsub/__init__.py -> /root/ros2_ws/build/py_pubsub/build/lib/py_pubsub
[0.580s] copying py_pubsub/publisher_member_function.py -> /root/ros2_ws/build/py_pubsub/build/lib/py_pubsub
[0.580s] copying py_pubsub/subscriber_member_function.py -> /root/ros2_ws/build/py_pubsub/build/lib/py_pubsub
[0.580s] running install
[0.581s] running install_lib
[0.582s] creating /root/ros2_ws/install/py_pubsub/lib/python3.8/site-packages/py_pubsub
[0.582s] copying /root/ros2_ws/build/py_pubsub/build/lib/py_pubsub/__init__.py -> /root/ros2_ws/install/py_pubsub/lib/python3.8/site-packages/py_pubsub
[0.582s] copying /root/ros2_ws/build/py_pubsub/build/lib/py_pubsub/publisher_member_function.py -> /root/ros2_ws/install/py_pubsub/lib/python3.8/site-packages/py_pubsub
[0.582s] copying /root/ros2_ws/build/py_pubsub/build/lib/py_pubsub/subscriber_member_function.py -> /root/ros2_ws/install/py_pubsub/lib/python3.8/site-packages/py_pubsub
[0.583s] byte-compiling /root/ros2_ws/install/py_pubsub/lib/python3.8/site-packages/py_pubsub/__init__.py to __init__.cpython-38.pyc
[0.583s] byte-compiling /root/ros2_ws/install/py_pubsub/lib/python3.8/site-packages/py_pubsub/publisher_member_function.py to publisher_member_function.cpython-38.pyc
[0.584s] byte-compiling /root/ros2_ws/install/py_pubsub/lib/python3.8/site-packages/py_pubsub/subscriber_member_function.py to subscriber_member_function.cpython-38.pyc
[0.584s] running install_data
[0.585s] creating /root/ros2_ws/install/py_pubsub/share/ament_index
[0.585s] creating /root/ros2_ws/install/py_pubsub/share/ament_index/resource_index
[0.585s] creating /root/ros2_ws/install/py_pubsub/share/ament_index/resource_index/packages
[0.585s] copying resource/py_pubsub -> /root/ros2_ws/install/py_pubsub/share/ament_index/resource_index/packages
[0.585s] copying package.xml -> /root/ros2_ws/install/py_pubsub/share/py_pubsub
[0.585s] running install_egg_info
[0.586s] Copying ../../build/py_pubsub/py_pubsub.egg-info to /root/ros2_ws/install/py_pubsub/lib/python3.8/site-packages/py_pubsub-0.0.0-py3.8.egg-info
[0.588s] running install_scripts
[0.600s] Installing listener script to /root/ros2_ws/install/py_pubsub/lib/py_pubsub
[0.600s] Installing talker script to /root/ros2_ws/install/py_pubsub/lib/py_pubsub
[0.601s] writing list of installed files to '/root/ros2_ws/build/py_pubsub/install.log'
[0.618s] Invoked command in '/root/ros2_ws/src/py_pubsub' returned '0': PYTHONPATH=/root/ros2_ws/build/py_pubsub/prefix_override:/root/ros2_ws/install/py_pubsub/lib/python3.8/site-packages:${PYTHONPATH} /usr/bin/python3 setup.py egg_info --egg-base ../../build/py_pubsub build --build-base /root/ros2_ws/build/py_pubsub/build install --record /root/ros2_ws/build/py_pubsub/install.log --install-scripts $base/lib/py_pubsub --single-version-externally-managed
